c:\users\alexey\desktop\min\vne\rbs\rbs\build-asn1\rbs_asn1_s1ap.dir\debug\privateie-field.obj
c:\users\alexey\desktop\min\vne\rbs\rbs\build-asn1\rbs_asn1_s1ap.dir\debug\privateie-container.obj
c:\users\alexey\desktop\min\vne\rbs\rbs\build-asn1\rbs_asn1_s1ap.dir\debug\privatemessage.obj
c:\users\alexey\desktop\min\vne\rbs\rbs\build-asn1\rbs_asn1_s1ap.dir\debug\cancelledcellineai-item.obj
c:\users\alexey\desktop\min\vne\rbs\rbs\build-asn1\rbs_asn1_s1ap.dir\debug\cellidentifierandcelevelforcecapableues.obj
c:\users\alexey\desktop\min\vne\rbs\rbs\build-asn1\rbs_asn1_s1ap.dir\debug\criticalitydiagnostics-ie-list.obj
c:\users\alexey\desktop\min\vne\rbs\rbs\build-asn1\rbs_asn1_s1ap.dir\debug\e-rabfailedtoresumeitemresumereq.obj
c:\users\alexey\desktop\min\vne\rbs\rbs\build-asn1\rbs_asn1_s1ap.dir\debug\e-rablevelqosparameters.obj
c:\users\alexey\desktop\min\vne\rbs\rbs\build-asn1\rbs_asn1_s1ap.dir\debug\emergencyareaid-cancelled-item.obj
c:\users\alexey\desktop\min\vne\rbs\rbs\build-asn1\rbs_asn1_s1ap.dir\debug\geran-cell-id.obj
c:\users\alexey\desktop\min\vne\rbs\rbs\build-asn1\rbs_asn1_s1ap.dir\debug\m4configuration.obj
c:\users\alexey\desktop\min\vne\rbs\rbs\build-asn1\rbs_asn1_s1ap.dir\debug\nr-cgi.obj
c:\users\alexey\desktop\min\vne\rbs\rbs\build-asn1\rbs_asn1_s1ap.dir\debug\rlfreportinformation.obj
c:\users\alexey\desktop\min\vne\rbs\rbs\build-asn1\rbs_asn1_s1ap.dir\debug\scheduledcommunicationtime.obj
c:\users\alexey\desktop\min\vne\rbs\rbs\build-asn1\rbs_asn1_s1ap.dir\debug\taibasedqmc.obj
c:\users\alexey\desktop\min\vne\rbs\rbs\build-asn1\rbs_asn1_s1ap.dir\debug\timesynchronisationinfo.obj
c:\users\alexey\desktop\min\vne\rbs\rbs\build-asn1\rbs_asn1_s1ap.dir\debug\ueapplayermeasconfig.obj
c:\users\alexey\desktop\min\vne\rbs\rbs\build-asn1\rbs_asn1_s1ap.dir\debug\broadcastcancelledarealist.obj
c:\users\alexey\desktop\min\vne\rbs\rbs\build-asn1\rbs_asn1_s1ap.dir\debug\csg-idlist-item.obj
c:\users\alexey\desktop\min\vne\rbs\rbs\build-asn1\rbs_asn1_s1ap.dir\debug\cellidlistformdt.obj
c:\users\alexey\desktop\min\vne\rbs\rbs\build-asn1\rbs_asn1_s1ap.dir\debug\criticalitydiagnostics-ie-item.obj
c:\users\alexey\desktop\min\vne\rbs\rbs\build-asn1\rbs_asn1_s1ap.dir\debug\e-rabusagereportitem.obj
c:\users\alexey\desktop\min\vne\rbs\rbs\build-asn1\rbs_asn1_s1ap.dir\debug\emergencyareaid-broadcast.obj
c:\users\alexey\desktop\min\vne\rbs\rbs\build-asn1\rbs_asn1_s1ap.dir\debug\gnb.obj
c:\users\alexey\desktop\min\vne\rbs\rbs\build-asn1\rbs_asn1_s1ap.dir\debug\m6configuration.obj
c:\users\alexey\desktop\min\vne\rbs\rbs\build-asn1\rbs_asn1_s1ap.dir\debug\proseauthorized.obj
c:\users\alexey\desktop\min\vne\rbs\rbs\build-asn1\rbs_asn1_s1ap.dir\debug\recommendedenbitem.obj
c:\users\alexey\desktop\min\vne\rbs\rbs\build-asn1\rbs_asn1_s1ap.dir\debug\serveddcns.obj
c:\users\alexey\desktop\min\vne\rbs\rbs\build-asn1\rbs_asn1_s1ap.dir\debug\supportedtas.obj
c:\users\alexey\desktop\min\vne\rbs\rbs\build-asn1\rbs_asn1_s1ap.dir\debug\tunnelinformation.obj
c:\users\alexey\desktop\min\vne\rbs\rbs\build-asn1\rbs_asn1_s1ap.dir\debug\userlocationinformation.obj
c:\users\alexey\desktop\min\vne\rbs\rbs\build-asn1\rbs_asn1_s1ap.dir\debug\allocationandretentionpriority.obj
c:\users\alexey\desktop\min\vne\rbs\rbs\build-asn1\rbs_asn1_s1ap.dir\debug\cntyperestrictions-item.obj
c:\users\alexey\desktop\min\vne\rbs\rbs\build-asn1\rbs_asn1_s1ap.dir\debug\cellid-broadcast-item.obj
c:\users\alexey\desktop\min\vne\rbs\rbs\build-asn1\rbs_asn1_s1ap.dir\debug\completedcellineai.obj
c:\users\alexey\desktop\min\vne\rbs\rbs\build-asn1\rbs_asn1_s1ap.dir\debug\en-dcsonenbidentification.obj
c:\users\alexey\desktop\min\vne\rbs\rbs\build-asn1\rbs_asn1_s1ap.dir\debug\eutran-cgi.obj
c:\users\alexey\desktop\min\vne\rbs\rbs\build-asn1\rbs_asn1_s1ap.dir\debug\forbiddentas.obj
c:\users\alexey\desktop\min\vne\rbs\rbs\build-asn1\rbs_asn1_s1ap.dir\debug\rimroutingaddress.obj
c:\users\alexey\desktop\min\vne\rbs\rbs\build-asn1\rbs_asn1_s1ap.dir\debug\soninformation.obj
c:\users\alexey\desktop\min\vne\rbs\rbs\build-asn1\rbs_asn1_s1ap.dir\debug\subscription-based-ue-differentiationinfo.obj
c:\users\alexey\desktop\min\vne\rbs\rbs\build-asn1\rbs_asn1_s1ap.dir\debug\tai.obj
c:\users\alexey\desktop\min\vne\rbs\rbs\build-asn1\rbs_asn1_s1ap.dir\debug\targetenb-id.obj
c:\users\alexey\desktop\min\vne\rbs\rbs\build-asn1\rbs_asn1_s1ap.dir\debug\bearers-subjecttostatustransfer-item.obj
c:\users\alexey\desktop\min\vne\rbs\rbs\build-asn1\rbs_asn1_s1ap.dir\debug\csg-idlist.obj
c:\users\alexey\desktop\min\vne\rbs\rbs\build-asn1\rbs_asn1_s1ap.dir\debug\cellid-cancelled-item.obj
c:\users\alexey\desktop\min\vne\rbs\rbs\build-asn1\rbs_asn1_s1ap.dir\debug\e-rabdataforwardingitem.obj
c:\users\alexey\desktop\min\vne\rbs\rbs\build-asn1\rbs_asn1_s1ap.dir\debug\e-rabtobesetupitemctxtsureq.obj
c:\users\alexey\desktop\min\vne\rbs\rbs\build-asn1\rbs_asn1_s1ap.dir\debug\expecteduebehaviour.obj
c:\users\alexey\desktop\min\vne\rbs\rbs\build-asn1\rbs_asn1_s1ap.dir\debug\global-gnb-id.obj
c:\users\alexey\desktop\min\vne\rbs\rbs\build-asn1\rbs_asn1_s1ap.dir\debug\immediatemdt.obj
c:\users\alexey\desktop\min\vne\rbs\rbs\build-asn1\rbs_asn1_s1ap.dir\debug\inter-systeminformationtransfertype.obj
c:\users\alexey\desktop\min\vne\rbs\rbs\build-asn1\rbs_asn1_s1ap.dir\debug\loggedmdt.obj
c:\users\alexey\desktop\min\vne\rbs\rbs\build-asn1\rbs_asn1_s1ap.dir\debug\mdtmode.obj
c:\users\alexey\desktop\min\vne\rbs\rbs\build-asn1\rbs_asn1_s1ap.dir\debug\nb-iot-paging-edrxinformation.obj
c:\users\alexey\desktop\min\vne\rbs\rbs\build-asn1\rbs_asn1_s1ap.dir\debug\paging-edrxinformation.obj
c:\users\alexey\desktop\min\vne\rbs\rbs\build-asn1\rbs_asn1_s1ap.dir\debug\tabasedmdt.obj
c:\users\alexey\desktop\min\vne\rbs\rbs\build-asn1\rbs_asn1_s1ap.dir\debug\tailistformdt.obj
c:\users\alexey\desktop\min\vne\rbs\rbs\build-asn1\rbs_asn1_s1ap.dir\debug\warningarealist.obj
c:\users\alexey\desktop\min\vne\rbs\rbs\build-asn1\rbs_asn1_s1ap.dir\debug\bluetoothmeasurementconfiguration.obj
c:\users\alexey\desktop\min\vne\rbs\rbs\build-asn1\rbs_asn1_s1ap.dir\debug\csgmembershipinfo.obj
c:\users\alexey\desktop\min\vne\rbs\rbs\build-asn1\rbs_asn1_s1ap.dir\debug\cellbasedqmc.obj
c:\users\alexey\desktop\min\vne\rbs\rbs\build-asn1\rbs_asn1_s1ap.dir\debug\connectedengnbitem.obj
c:\users\alexey\desktop\min\vne\rbs\rbs\build-asn1\rbs_asn1_s1ap.dir\debug\e-rabinformationlistitem.obj
c:\users\alexey\desktop\min\vne\rbs\rbs\build-asn1\rbs_asn1_s1ap.dir\debug\en-dctransfertyperequest.obj
c:\users\alexey\desktop\min\vne\rbs\rbs\build-asn1\rbs_asn1_s1ap.dir\debug\enbx2exttlas.obj
c:\users\alexey\desktop\min\vne\rbs\rbs\build-asn1\rbs_asn1_s1ap.dir\debug\forbiddentas-item.obj
c:\users\alexey\desktop\min\vne\rbs\rbs\build-asn1\rbs_asn1_s1ap.dir\debug\mbsfn-resulttolog.obj
c:\users\alexey\desktop\min\vne\rbs\rbs\build-asn1\rbs_asn1_s1ap.dir\debug\mutingpatterninformation.obj
c:\users\alexey\desktop\min\vne\rbs\rbs\build-asn1\rbs_asn1_s1ap.dir\debug\pscellinformation.obj
c:\users\alexey\desktop\min\vne\rbs\rbs\build-asn1\rbs_asn1_s1ap.dir\debug\protocolextensioncontainer.obj
c:\users\alexey\desktop\min\vne\rbs\rbs\build-asn1\rbs_asn1_s1ap.dir\debug\recommendedcellitem.obj
c:\users\alexey\desktop\min\vne\rbs\rbs\build-asn1\rbs_asn1_s1ap.dir\debug\supportedtas-item.obj
c:\users\alexey\desktop\min\vne\rbs\rbs\build-asn1\rbs_asn1_s1ap.dir\debug\taiitem.obj
c:\users\alexey\desktop\min\vne\rbs\rbs\build-asn1\rbs_asn1_s1ap.dir\debug\traceactivation.obj
c:\users\alexey\desktop\min\vne\rbs\rbs\build-asn1\rbs_asn1_s1ap.dir\debug\additional-guti.obj
c:\users\alexey\desktop\min\vne\rbs\rbs\build-asn1\rbs_asn1_s1ap.dir\debug\cgi.obj
c:\users\alexey\desktop\min\vne\rbs\rbs\build-asn1\rbs_asn1_s1ap.dir\debug\cancelledcellintai.obj
c:\users\alexey\desktop\min\vne\rbs\rbs\build-asn1\rbs_asn1_s1ap.dir\debug\completedcellineai-item.obj
c:\users\alexey\desktop\min\vne\rbs\rbs\build-asn1\rbs_asn1_s1ap.dir\debug\e-rabnottobemodifieditembearermodind.obj
c:\users\alexey\desktop\min\vne\rbs\rbs\build-asn1\rbs_asn1_s1ap.dir\debug\e-rabsetupitemctxtsures.obj
c:\users\alexey\desktop\min\vne\rbs\rbs\build-asn1\rbs_asn1_s1ap.dir\debug\e-rabtobesetupitemhoreq.obj
c:\users\alexey\desktop\min\vne\rbs\rbs\build-asn1\rbs_asn1_s1ap.dir\debug\ecgilistforrestart.obj
c:\users\alexey\desktop\min\vne\rbs\rbs\build-asn1\rbs_asn1_s1ap.dir\debug\global-ran-node-id.obj
c:\users\alexey\desktop\min\vne\rbs\rbs\build-asn1\rbs_asn1_s1ap.dir\debug\handoverrestrictionlist.obj
c:\users\alexey\desktop\min\vne\rbs\rbs\build-asn1\rbs_asn1_s1ap.dir\debug\m5configuration.obj
c:\users\alexey\desktop\min\vne\rbs\rbs\build-asn1\rbs_asn1_s1ap.dir\debug\tai-broadcast.obj
c:\users\alexey\desktop\min\vne\rbs\rbs\build-asn1\rbs_asn1_s1ap.dir\debug\tailistforwarning.obj
c:\users\alexey\desktop\min\vne\rbs\rbs\build-asn1\rbs_asn1_s1ap.dir\debug\ue-s1ap-id-pair.obj
c:\users\alexey\desktop\min\vne\rbs\rbs\build-asn1\rbs_asn1_s1ap.dir\debug\uepagingid.obj
c:\users\alexey\desktop\min\vne\rbs\rbs\build-asn1\rbs_asn1_s1ap.dir\debug\broadcastcompletedarealist.obj
c:\users\alexey\desktop\min\vne\rbs\rbs\build-asn1\rbs_asn1_s1ap.dir\debug\countvaluepdcp-snlength18.obj
c:\users\alexey\desktop\min\vne\rbs\rbs\build-asn1\rbs_asn1_s1ap.dir\debug\cellid-cancelled.obj
c:\users\alexey\desktop\min\vne\rbs\rbs\build-asn1\rbs_asn1_s1ap.dir\debug\connectedengnblist.obj
c:\users\alexey\desktop\min\vne\rbs\rbs\build-asn1\rbs_asn1_s1ap.dir\debug\e-rabadmitteditem.obj
c:\users\alexey\desktop\min\vne\rbs\rbs\build-asn1\rbs_asn1_s1ap.dir\debug\e-rabfailedtosetupitemhoreqack.obj
c:\users\alexey\desktop\min\vne\rbs\rbs\build-asn1\rbs_asn1_s1ap.dir\debug\e-rabmodifyitembearermodres.obj
c:\users\alexey\desktop\min\vne\rbs\rbs\build-asn1\rbs_asn1_s1ap.dir\debug\e-rabsetupitembearersures.obj
c:\users\alexey\desktop\min\vne\rbs\rbs\build-asn1\rbs_asn1_s1ap.dir\debug\e-rabtobesetupitembearersureq.obj
c:\users\alexey\desktop\min\vne\rbs\rbs\build-asn1\rbs_asn1_s1ap.dir\debug\ecgilist.obj
c:\users\alexey\desktop\min\vne\rbs\rbs\build-asn1\rbs_asn1_s1ap.dir\debug\expectedueactivitybehaviour.obj
c:\users\alexey\desktop\min\vne\rbs\rbs\build-asn1\rbs_asn1_s1ap.dir\debug\gummeilist.obj
c:\users\alexey\desktop\min\vne\rbs\rbs\build-asn1\rbs_asn1_s1ap.dir\debug\lai.obj
c:\users\alexey\desktop\min\vne\rbs\rbs\build-asn1\rbs_asn1_s1ap.dir\debug\m1periodicreporting.obj
c:\users\alexey\desktop\min\vne\rbs\rbs\build-asn1\rbs_asn1_s1ap.dir\debug\nruesecuritycapabilities.obj
c:\users\alexey\desktop\min\vne\rbs\rbs\build-asn1\rbs_asn1_s1ap.dir\debug\serveddcnsitem.obj
c:\users\alexey\desktop\min\vne\rbs\rbs\build-asn1\rbs_asn1_s1ap.dir\debug\tabasedqmc.obj
c:\users\alexey\desktop\min\vne\rbs\rbs\build-asn1\rbs_asn1_s1ap.dir\debug\tailistforqmc.obj
c:\users\alexey\desktop\min\vne\rbs\rbs\build-asn1\rbs_asn1_s1ap.dir\debug\ue-historyinformation.obj
c:\users\alexey\desktop\min\vne\rbs\rbs\build-asn1\rbs_asn1_s1ap.dir\debug\wlanmeasurementconfiguration.obj
c:\users\alexey\desktop\min\vne\rbs\rbs\build-asn1\rbs_asn1_s1ap.dir\debug\cancelledcellintai-item.obj
c:\users\alexey\desktop\min\vne\rbs\rbs\build-asn1\rbs_asn1_s1ap.dir\debug\e-rabitem.obj
c:\users\alexey\desktop\min\vne\rbs\rbs\build-asn1\rbs_asn1_s1ap.dir\debug\e-rabtobemodifieditembearermodreq.obj
c:\users\alexey\desktop\min\vne\rbs\rbs\build-asn1\rbs_asn1_s1ap.dir\debug\en-dctransfertypereply.obj
c:\users\alexey\desktop\min\vne\rbs\rbs\build-asn1\rbs_asn1_s1ap.dir\debug\emergencyareaid-broadcast-item.obj
c:\users\alexey\desktop\min\vne\rbs\rbs\build-asn1\rbs_asn1_s1ap.dir\debug\forbiddenlas.obj
c:\users\alexey\desktop\min\vne\rbs\rbs\build-asn1\rbs_asn1_s1ap.dir\debug\global-en-gnb-id.obj
c:\users\alexey\desktop\min\vne\rbs\rbs\build-asn1\rbs_asn1_s1ap.dir\debug\lastvisitedcell-item.obj
c:\users\alexey\desktop\min\vne\rbs\rbs\build-asn1\rbs_asn1_s1ap.dir\debug\m3configuration.obj
c:\users\alexey\desktop\min\vne\rbs\rbs\build-asn1\rbs_asn1_s1ap.dir\debug\ng-enb.obj
c:\users\alexey\desktop\min\vne\rbs\rbs\build-asn1\rbs_asn1_s1ap.dir\debug\pagingattemptinformation.obj
c:\users\alexey\desktop\min\vne\rbs\rbs\build-asn1\rbs_asn1_s1ap.dir\debug\requesttype.obj
c:\users\alexey\desktop\min\vne\rbs\rbs\build-asn1\rbs_asn1_s1ap.dir\debug\sonconfigurationtransfer.obj
c:\users\alexey\desktop\min\vne\rbs\rbs\build-asn1\rbs_asn1_s1ap.dir\debug\servedgummeisitem.obj
c:\users\alexey\desktop\min\vne\rbs\rbs\build-asn1\rbs_asn1_s1ap.dir\debug\tai-cancelled-item.obj
c:\users\alexey\desktop\min\vne\rbs\rbs\build-asn1\rbs_asn1_s1ap.dir\debug\targetid.obj
c:\users\alexey\desktop\min\vne\rbs\rbs\build-asn1\rbs_asn1_s1ap.dir\debug\ue-s1ap-ids.obj
c:\users\alexey\desktop\min\vne\rbs\rbs\build-asn1\rbs_asn1_s1ap.dir\debug\uesecuritycapabilities.obj
c:\users\alexey\desktop\min\vne\rbs\rbs\build-asn1\rbs_asn1_s1ap.dir\debug\v2xservicesauthorized.obj
c:\users\alexey\desktop\min\vne\rbs\rbs\build-asn1\rbs_asn1_s1ap.dir\debug\cancelledcellineai.obj
c:\users\alexey\desktop\min\vne\rbs\rbs\build-asn1\rbs_asn1_s1ap.dir\debug\cellidlistforqmc.obj
c:\users\alexey\desktop\min\vne\rbs\rbs\build-asn1\rbs_asn1_s1ap.dir\debug\criticalitydiagnostics.obj
c:\users\alexey\desktop\min\vne\rbs\rbs\build-asn1\rbs_asn1_s1ap.dir\debug\e-rabfailedtoresumeitemresumeres.obj
c:\users\alexey\desktop\min\vne\rbs\rbs\build-asn1\rbs_asn1_s1ap.dir\debug\e-rabmodifyitembearermodconf.obj
c:\users\alexey\desktop\min\vne\rbs\rbs\build-asn1\rbs_asn1_s1ap.dir\debug\e-rabreleaseitembearerrelcomp.obj
c:\users\alexey\desktop\min\vne\rbs\rbs\build-asn1\rbs_asn1_s1ap.dir\debug\e-rabtobemodifieditembearermodind.obj
c:\users\alexey\desktop\min\vne\rbs\rbs\build-asn1\rbs_asn1_s1ap.dir\debug\e-rabtobeswitcheddlitem.obj
c:\users\alexey\desktop\min\vne\rbs\rbs\build-asn1\rbs_asn1_s1ap.dir\debug\en-dcsonconfigurationtransfer.obj
c:\users\alexey\desktop\min\vne\rbs\rbs\build-asn1\rbs_asn1_s1ap.dir\debug\fivegstai.obj
c:\users\alexey\desktop\min\vne\rbs\rbs\build-asn1\rbs_asn1_s1ap.dir\debug\mbsfn-resulttologinfo.obj
c:\users\alexey\desktop\min\vne\rbs\rbs\build-asn1\rbs_asn1_s1ap.dir\debug\rimtransfer.obj
c:\users\alexey\desktop\min\vne\rbs\rbs\build-asn1\rbs_asn1_s1ap.dir\debug\soninformationreport.obj
c:\users\alexey\desktop\min\vne\rbs\rbs\build-asn1\rbs_asn1_s1ap.dir\debug\taibasedmdt.obj
c:\users\alexey\desktop\min\vne\rbs\rbs\build-asn1\rbs_asn1_s1ap.dir\debug\targetenb-tosourceenb-transparentcontainer.obj
c:\users\alexey\desktop\min\vne\rbs\rbs\build-asn1\rbs_asn1_s1ap.dir\debug\ueaggregatemaximumbitrate.obj
c:\users\alexey\desktop\min\vne\rbs\rbs\build-asn1\rbs_asn1_s1ap.dir\debug\areascopeofqmc.obj
c:\users\alexey\desktop\min\vne\rbs\rbs\build-asn1\rbs_asn1_s1ap.dir\debug\countvalueextended.obj
c:\users\alexey\desktop\min\vne\rbs\rbs\build-asn1\rbs_asn1_s1ap.dir\debug\cdma2000onexsrvccinfo.obj
c:\users\alexey\desktop\min\vne\rbs\rbs\build-asn1\rbs_asn1_s1ap.dir\debug\celltype.obj
c:\users\alexey\desktop\min\vne\rbs\rbs\build-asn1\rbs_asn1_s1ap.dir\debug\e-rabtobeswitchedulitem.obj
c:\users\alexey\desktop\min\vne\rbs\rbs\build-asn1\rbs_asn1_s1ap.dir\debug\en-dcsonengnbidentification.obj
c:\users\alexey\desktop\min\vne\rbs\rbs\build-asn1\rbs_asn1_s1ap.dir\debug\enbx2exttla.obj
c:\users\alexey\desktop\min\vne\rbs\rbs\build-asn1\rbs_asn1_s1ap.dir\debug\forbiddenlas-item.obj
c:\users\alexey\desktop\min\vne\rbs\rbs\build-asn1\rbs_asn1_s1ap.dir\debug\global-enb-id.obj
c:\users\alexey\desktop\min\vne\rbs\rbs\build-asn1\rbs_asn1_s1ap.dir\debug\listeningsubframepattern.obj
c:\users\alexey\desktop\min\vne\rbs\rbs\build-asn1\rbs_asn1_s1ap.dir\debug\m7configuration.obj
c:\users\alexey\desktop\min\vne\rbs\rbs\build-asn1\rbs_asn1_s1ap.dir\debug\mmepagingtarget.obj
c:\users\alexey\desktop\min\vne\rbs\rbs\build-asn1\rbs_asn1_s1ap.dir\debug\plmnareabasedqmc.obj
c:\users\alexey\desktop\min\vne\rbs\rbs\build-asn1\rbs_asn1_s1ap.dir\debug\securitycontext.obj
c:\users\alexey\desktop\min\vne\rbs\rbs\build-asn1\rbs_asn1_s1ap.dir\debug\synchronisationinformation.obj
c:\users\alexey\desktop\min\vne\rbs\rbs\build-asn1\rbs_asn1_s1ap.dir\debug\tailistforrestart.obj
c:\users\alexey\desktop\min\vne\rbs\rbs\build-asn1\rbs_asn1_s1ap.dir\debug\areascopeofmdt.obj
c:\users\alexey\desktop\min\vne\rbs\rbs\build-asn1\rbs_asn1_s1ap.dir\debug\countvalue.obj
c:\users\alexey\desktop\min\vne\rbs\rbs\build-asn1\rbs_asn1_s1ap.dir\debug\cellid-broadcast.obj
c:\users\alexey\desktop\min\vne\rbs\rbs\build-asn1\rbs_asn1_s1ap.dir\debug\completedcellintai.obj
c:\users\alexey\desktop\min\vne\rbs\rbs\build-asn1\rbs_asn1_s1ap.dir\debug\ecgi-list.obj
c:\users\alexey\desktop\min\vne\rbs\rbs\build-asn1\rbs_asn1_s1ap.dir\debug\emergencyareaid-cancelled.obj
c:\users\alexey\desktop\min\vne\rbs\rbs\build-asn1\rbs_asn1_s1ap.dir\debug\gummei.obj
c:\users\alexey\desktop\min\vne\rbs\rbs\build-asn1\rbs_asn1_s1ap.dir\debug\lastvisitedeutrancellinformation.obj
c:\users\alexey\desktop\min\vne\rbs\rbs\build-asn1\rbs_asn1_s1ap.dir\debug\m1thresholdeventa2.obj
c:\users\alexey\desktop\min\vne\rbs\rbs\build-asn1\rbs_asn1_s1ap.dir\debug\s-tmsi.obj
c:\users\alexey\desktop\min\vne\rbs\rbs\build-asn1\rbs_asn1_s1ap.dir\debug\servedgummeis.obj
c:\users\alexey\desktop\min\vne\rbs\rbs\build-asn1\rbs_asn1_s1ap.dir\debug\tai-broadcast-item.obj
c:\users\alexey\desktop\min\vne\rbs\rbs\build-asn1\rbs_asn1_s1ap.dir\debug\targetngrannode-id.obj
c:\users\alexey\desktop\min\vne\rbs\rbs\build-asn1\rbs_asn1_s1ap.dir\debug\ue-associatedlogicals1-connectionitem.obj
c:\users\alexey\desktop\min\vne\rbs\rbs\build-asn1\rbs_asn1_s1ap.dir\debug\uesidelinkaggregatemaximumbitrate.obj
c:\users\alexey\desktop\min\vne\rbs\rbs\build-asn1\rbs_asn1_s1ap.dir\debug\assistancedataforcecapableues.obj
c:\users\alexey\desktop\min\vne\rbs\rbs\build-asn1\rbs_asn1_s1ap.dir\debug\cntyperestrictions.obj
c:\users\alexey\desktop\min\vne\rbs\rbs\build-asn1\rbs_asn1_s1ap.dir\debug\cellbasedmdt.obj
c:\users\alexey\desktop\min\vne\rbs\rbs\build-asn1\rbs_asn1_s1ap.dir\debug\completedcellintai-item.obj
c:\users\alexey\desktop\min\vne\rbs\rbs\build-asn1\rbs_asn1_s1ap.dir\debug\dl-cp-securityinformation.obj
c:\users\alexey\desktop\min\vne\rbs\rbs\build-asn1\rbs_asn1_s1ap.dir\debug\en-dcsontransfertype.obj
c:\users\alexey\desktop\min\vne\rbs\rbs\build-asn1\rbs_asn1_s1ap.dir\debug\gbr-qosinformation.obj
c:\users\alexey\desktop\min\vne\rbs\rbs\build-asn1\rbs_asn1_s1ap.dir\debug\loggedmbsfnmdt.obj
c:\users\alexey\desktop\min\vne\rbs\rbs\build-asn1\rbs_asn1_s1ap.dir\debug\mdt-configuration.obj
c:\users\alexey\desktop\min\vne\rbs\rbs\build-asn1\rbs_asn1_s1ap.dir\debug\pwsfailedecgilist.obj
c:\users\alexey\desktop\min\vne\rbs\rbs\build-asn1\rbs_asn1_s1ap.dir\debug\soninformationreply.obj
c:\users\alexey\desktop\min\vne\rbs\rbs\build-asn1\rbs_asn1_s1ap.dir\debug\sourceenb-id.obj
c:\users\alexey\desktop\min\vne\rbs\rbs\build-asn1\rbs_asn1_s1ap.dir\debug\tai-cancelled.obj
c:\users\alexey\desktop\min\vne\rbs\rbs\build-asn1\rbs_asn1_s1ap.dir\debug\targetrnc-id.obj
c:\users\alexey\desktop\min\vne\rbs\rbs\build-asn1\rbs_asn1_s1ap.dir\debug\ul-cp-securityinformation.obj
c:\users\alexey\desktop\min\vne\rbs\rbs\build-asn1\rbs_asn1_s1ap.dir\debug\x2tnlconfigurationinfo.obj
c:\users\alexey\desktop\min\vne\rbs\rbs\build-asn1\rbs_asn1_s1ap.dir\debug\celltraffictrace.obj
c:\users\alexey\desktop\min\vne\rbs\rbs\build-asn1\rbs_asn1_s1ap.dir\debug\e-rabmodificationindication.obj
c:\users\alexey\desktop\min\vne\rbs\rbs\build-asn1\rbs_asn1_s1ap.dir\debug\e-rabsubjecttodataforwardinglist.obj
c:\users\alexey\desktop\min\vne\rbs\rbs\build-asn1\rbs_asn1_s1ap.dir\debug\e-rabtobeswitchedullist.obj
c:\users\alexey\desktop\min\vne\rbs\rbs\build-asn1\rbs_asn1_s1ap.dir\debug\handovercancel.obj
c:\users\alexey\desktop\min\vne\rbs\rbs\build-asn1\rbs_asn1_s1ap.dir\debug\initialcontextsetupresponse.obj
c:\users\alexey\desktop\min\vne\rbs\rbs\build-asn1\rbs_asn1_s1ap.dir\debug\mmeconfigurationupdate.obj
c:\users\alexey\desktop\min\vne\rbs\rbs\build-asn1\rbs_asn1_s1ap.dir\debug\paging.obj
c:\users\alexey\desktop\min\vne\rbs\rbs\build-asn1\rbs_asn1_s1ap.dir\debug\recommendedenblist.obj
c:\users\alexey\desktop\min\vne\rbs\rbs\build-asn1\rbs_asn1_s1ap.dir\debug\secondaryratdatausagereport.obj
c:\users\alexey\desktop\min\vne\rbs\rbs\build-asn1\rbs_asn1_s1ap.dir\debug\uecontextmodificationfailure.obj
c:\users\alexey\desktop\min\vne\rbs\rbs\build-asn1\rbs_asn1_s1ap.dir\debug\ueradiocapabilitymatchrequest.obj
c:\users\alexey\desktop\min\vne\rbs\rbs\build-asn1\rbs_asn1_s1ap.dir\debug\downlinknastransport.obj
c:\users\alexey\desktop\min\vne\rbs\rbs\build-asn1\rbs_asn1_s1ap.dir\debug\e-rabmodificationconfirm.obj
c:\users\alexey\desktop\min\vne\rbs\rbs\build-asn1\rbs_asn1_s1ap.dir\debug\e-rabreleaseresponse.obj
c:\users\alexey\desktop\min\vne\rbs\rbs\build-asn1\rbs_asn1_s1ap.dir\debug\enbconfigurationupdateacknowledge.obj
c:\users\alexey\desktop\min\vne\rbs\rbs\build-asn1\rbs_asn1_s1ap.dir\debug\handoverrequestacknowledge.obj
c:\users\alexey\desktop\min\vne\rbs\rbs\build-asn1\rbs_asn1_s1ap.dir\debug\locationreport.obj
c:\users\alexey\desktop\min\vne\rbs\rbs\build-asn1\rbs_asn1_s1ap.dir\debug\pathswitchrequestfailure.obj
c:\users\alexey\desktop\min\vne\rbs\rbs\build-asn1\rbs_asn1_s1ap.dir\debug\resetacknowledge.obj
c:\users\alexey\desktop\min\vne\rbs\rbs\build-asn1\rbs_asn1_s1ap.dir\debug\sourceenb-totargetenb-transparentcontainer.obj
c:\users\alexey\desktop\min\vne\rbs\rbs\build-asn1\rbs_asn1_s1ap.dir\debug\uecontextmodificationresponse.obj
c:\users\alexey\desktop\min\vne\rbs\rbs\build-asn1\rbs_asn1_s1ap.dir\debug\downlinknonueassociatedlppatransport.obj
c:\users\alexey\desktop\min\vne\rbs\rbs\build-asn1\rbs_asn1_s1ap.dir\debug\e-rabmodifylistbearermodres.obj
c:\users\alexey\desktop\min\vne\rbs\rbs\build-asn1\rbs_asn1_s1ap.dir\debug\e-rabsetuprequest.obj
c:\users\alexey\desktop\min\vne\rbs\rbs\build-asn1\rbs_asn1_s1ap.dir\debug\enbcprelocationindication.obj
c:\users\alexey\desktop\min\vne\rbs\rbs\build-asn1\rbs_asn1_s1ap.dir\debug\handoverfailure.obj
c:\users\alexey\desktop\min\vne\rbs\rbs\build-asn1\rbs_asn1_s1ap.dir\debug\killresponse.obj
c:\users\alexey\desktop\min\vne\rbs\rbs\build-asn1\rbs_asn1_s1ap.dir\debug\nasdeliveryindication.obj
c:\users\alexey\desktop\min\vne\rbs\rbs\build-asn1\rbs_asn1_s1ap.dir\debug\protocolie-containerlist.obj
c:\users\alexey\desktop\min\vne\rbs\rbs\build-asn1\rbs_asn1_s1ap.dir\debug\s1ap-pdu.obj
c:\users\alexey\desktop\min\vne\rbs\rbs\build-asn1\rbs_asn1_s1ap.dir\debug\ue-associatedlogicals1-connectionlistresack.obj
c:\users\alexey\desktop\min\vne\rbs\rbs\build-asn1\rbs_asn1_s1ap.dir\debug\uecontextresumeresponse.obj
c:\users\alexey\desktop\min\vne\rbs\rbs\build-asn1\rbs_asn1_s1ap.dir\debug\downlinkueassociatedlppatransport.obj
c:\users\alexey\desktop\min\vne\rbs\rbs\build-asn1\rbs_asn1_s1ap.dir\debug\e-rabmodifyresponse.obj
c:\users\alexey\desktop\min\vne\rbs\rbs\build-asn1\rbs_asn1_s1ap.dir\debug\e-rabtobemodifiedlistbearermodreq.obj
c:\users\alexey\desktop\min\vne\rbs\rbs\build-asn1\rbs_asn1_s1ap.dir\debug\enbconfigurationupdatefailure.obj
c:\users\alexey\desktop\min\vne\rbs\rbs\build-asn1\rbs_asn1_s1ap.dir\debug\handoverrequired.obj
c:\users\alexey\desktop\min\vne\rbs\rbs\build-asn1\rbs_asn1_s1ap.dir\debug\nasnondeliveryindication.obj
c:\users\alexey\desktop\min\vne\rbs\rbs\build-asn1\rbs_asn1_s1ap.dir\debug\s1setupfailure.obj
c:\users\alexey\desktop\min\vne\rbs\rbs\build-asn1\rbs_asn1_s1ap.dir\debug\ue-associatedlogicals1-connectionlistres.obj
c:\users\alexey\desktop\min\vne\rbs\rbs\build-asn1\rbs_asn1_s1ap.dir\debug\uecontextresumefailure.obj
c:\users\alexey\desktop\min\vne\rbs\rbs\build-asn1\rbs_asn1_s1ap.dir\debug\uplinkueassociatedlppatransport.obj
c:\users\alexey\desktop\min\vne\rbs\rbs\build-asn1\rbs_asn1_s1ap.dir\debug\connectionestablishmentindication.obj
c:\users\alexey\desktop\min\vne\rbs\rbs\build-asn1\rbs_asn1_s1ap.dir\debug\e-rabnottobemodifiedlistbearermodind.obj
c:\users\alexey\desktop\min\vne\rbs\rbs\build-asn1\rbs_asn1_s1ap.dir\debug\e-rabsetuplistctxtsures.obj
c:\users\alexey\desktop\min\vne\rbs\rbs\build-asn1\rbs_asn1_s1ap.dir\debug\enbconfigurationtransfer.obj
c:\users\alexey\desktop\min\vne\rbs\rbs\build-asn1\rbs_asn1_s1ap.dir\debug\handoverrequest.obj
c:\users\alexey\desktop\min\vne\rbs\rbs\build-asn1\rbs_asn1_s1ap.dir\debug\locationreportingcontrol.obj
c:\users\alexey\desktop\min\vne\rbs\rbs\build-asn1\rbs_asn1_s1ap.dir\debug\overloadstop.obj
c:\users\alexey\desktop\min\vne\rbs\rbs\build-asn1\rbs_asn1_s1ap.dir\debug\recommendedcelllist.obj
c:\users\alexey\desktop\min\vne\rbs\rbs\build-asn1\rbs_asn1_s1ap.dir\debug\tracestart.obj
c:\users\alexey\desktop\min\vne\rbs\rbs\build-asn1\rbs_asn1_s1ap.dir\debug\uecontextresumerequest.obj
c:\users\alexey\desktop\min\vne\rbs\rbs\build-asn1\rbs_asn1_s1ap.dir\debug\writereplacewarningrequest.obj
c:\users\alexey\desktop\min\vne\rbs\rbs\build-asn1\rbs_asn1_s1ap.dir\debug\assistancedataforpaging.obj
c:\users\alexey\desktop\min\vne\rbs\rbs\build-asn1\rbs_asn1_s1ap.dir\debug\e-rabfailedtosetuplisthoreqack.obj
c:\users\alexey\desktop\min\vne\rbs\rbs\build-asn1\rbs_asn1_s1ap.dir\debug\e-rabreleaselistbearerrelcomp.obj
c:\users\alexey\desktop\min\vne\rbs\rbs\build-asn1\rbs_asn1_s1ap.dir\debug\e-rabtobeswitcheddllist.obj
c:\users\alexey\desktop\min\vne\rbs\rbs\build-asn1\rbs_asn1_s1ap.dir\debug\enbdirectinformationtransfer.obj
c:\users\alexey\desktop\min\vne\rbs\rbs\build-asn1\rbs_asn1_s1ap.dir\debug\informationonrecommendedcellsandenbsforpaging.obj
c:\users\alexey\desktop\min\vne\rbs\rbs\build-asn1\rbs_asn1_s1ap.dir\debug\mmecprelocationindication.obj
c:\users\alexey\desktop\min\vne\rbs\rbs\build-asn1\rbs_asn1_s1ap.dir\debug\pwsrestartindication.obj
c:\users\alexey\desktop\min\vne\rbs\rbs\build-asn1\rbs_asn1_s1ap.dir\debug\recommendedenbsforpaging.obj
c:\users\alexey\desktop\min\vne\rbs\rbs\build-asn1\rbs_asn1_s1ap.dir\debug\secondaryratdatausagereportitem.obj
c:\users\alexey\desktop\min\vne\rbs\rbs\build-asn1\rbs_asn1_s1ap.dir\debug\uecontextmodificationrequest.obj
c:\users\alexey\desktop\min\vne\rbs\rbs\build-asn1\rbs_asn1_s1ap.dir\debug\ueradiocapabilitymatchresponse.obj
c:\users\alexey\desktop\min\vne\rbs\rbs\build-asn1\rbs_asn1_s1ap.dir\debug\deactivatetrace.obj
c:\users\alexey\desktop\min\vne\rbs\rbs\build-asn1\rbs_asn1_s1ap.dir\debug\e-rabmodifylistbearermodconf.obj
c:\users\alexey\desktop\min\vne\rbs\rbs\build-asn1\rbs_asn1_s1ap.dir\debug\e-rabtobemodifiedlistbearermodind.obj
c:\users\alexey\desktop\min\vne\rbs\rbs\build-asn1\rbs_asn1_s1ap.dir\debug\e-rabusagereportlist.obj
c:\users\alexey\desktop\min\vne\rbs\rbs\build-asn1\rbs_asn1_s1ap.dir\debug\handovercommand.obj
c:\users\alexey\desktop\min\vne\rbs\rbs\build-asn1\rbs_asn1_s1ap.dir\debug\mmestatustransfer.obj
c:\users\alexey\desktop\min\vne\rbs\rbs\build-asn1\rbs_asn1_s1ap.dir\debug\protocolie-container.obj
c:\users\alexey\desktop\min\vne\rbs\rbs\build-asn1\rbs_asn1_s1ap.dir\debug\retrieveueinformation.obj
c:\users\alexey\desktop\min\vne\rbs\rbs\build-asn1\rbs_asn1_s1ap.dir\debug\tracefailureindication.obj
c:\users\alexey\desktop\min\vne\rbs\rbs\build-asn1\rbs_asn1_s1ap.dir\debug\uecontextreleaserequest.obj
c:\users\alexey\desktop\min\vne\rbs\rbs\build-asn1\rbs_asn1_s1ap.dir\debug\uplinks1cdma2000tunnelling.obj
c:\users\alexey\desktop\min\vne\rbs\rbs\build-asn1\rbs_asn1_s1ap.dir\debug\downlinks1cdma2000tunnelling.obj
c:\users\alexey\desktop\min\vne\rbs\rbs\build-asn1\rbs_asn1_s1ap.dir\debug\e-rabinformationlist.obj
c:\users\alexey\desktop\min\vne\rbs\rbs\build-asn1\rbs_asn1_s1ap.dir\debug\e-rabsetuplistbearersures.obj
c:\users\alexey\desktop\min\vne\rbs\rbs\build-asn1\rbs_asn1_s1ap.dir\debug\enb-statustransfer-transparentcontainer.obj
c:\users\alexey\desktop\min\vne\rbs\rbs\build-asn1\rbs_asn1_s1ap.dir\debug\handovernotify.obj
c:\users\alexey\desktop\min\vne\rbs\rbs\build-asn1\rbs_asn1_s1ap.dir\debug\killrequest.obj
c:\users\alexey\desktop\min\vne\rbs\rbs\build-asn1\rbs_asn1_s1ap.dir\debug\mmedirectinformationtransfer.obj
c:\users\alexey\desktop\min\vne\rbs\rbs\build-asn1\rbs_asn1_s1ap.dir\debug\resettype.obj
c:\users\alexey\desktop\min\vne\rbs\rbs\build-asn1\rbs_asn1_s1ap.dir\debug\tailist.obj
c:\users\alexey\desktop\min\vne\rbs\rbs\build-asn1\rbs_asn1_s1ap.dir\debug\uecontextreleasecomplete.obj
c:\users\alexey\desktop\min\vne\rbs\rbs\build-asn1\rbs_asn1_s1ap.dir\debug\uplinknonueassociatedlppatransport.obj
c:\users\alexey\desktop\min\vne\rbs\rbs\build-asn1\rbs_asn1_s1ap.dir\debug\e-rab-ie-containerlist.obj
c:\users\alexey\desktop\min\vne\rbs\rbs\build-asn1\rbs_asn1_s1ap.dir\debug\e-rabfailedtoresumelistresumereq.obj
c:\users\alexey\desktop\min\vne\rbs\rbs\build-asn1\rbs_asn1_s1ap.dir\debug\e-rabreleasecommand.obj
c:\users\alexey\desktop\min\vne\rbs\rbs\build-asn1\rbs_asn1_s1ap.dir\debug\e-rabtobesetuplistctxtsureq.obj
c:\users\alexey\desktop\min\vne\rbs\rbs\build-asn1\rbs_asn1_s1ap.dir\debug\handovercancelacknowledge.obj
c:\users\alexey\desktop\min\vne\rbs\rbs\build-asn1\rbs_asn1_s1ap.dir\debug\initialuemessage.obj
c:\users\alexey\desktop\min\vne\rbs\rbs\build-asn1\rbs_asn1_s1ap.dir\debug\mmeconfigurationupdatefailure.obj
c:\users\alexey\desktop\min\vne\rbs\rbs\build-asn1\rbs_asn1_s1ap.dir\debug\pathswitchrequestacknowledge.obj
c:\users\alexey\desktop\min\vne\rbs\rbs\build-asn1\rbs_asn1_s1ap.dir\debug\reset.obj
c:\users\alexey\desktop\min\vne\rbs\rbs\build-asn1\rbs_asn1_s1ap.dir\debug\uecontextreleasecommand.obj
c:\users\alexey\desktop\min\vne\rbs\rbs\build-asn1\rbs_asn1_s1ap.dir\debug\uplinknastransport.obj
c:\users\alexey\desktop\min\vne\rbs\rbs\build-asn1\rbs_asn1_s1ap.dir\debug\bearers-subjecttostatustransferlist.obj
c:\users\alexey\desktop\min\vne\rbs\rbs\build-asn1\rbs_asn1_s1ap.dir\debug\e-rablist.obj
c:\users\alexey\desktop\min\vne\rbs\rbs\build-asn1\rbs_asn1_s1ap.dir\debug\e-rabsetupresponse.obj
c:\users\alexey\desktop\min\vne\rbs\rbs\build-asn1\rbs_asn1_s1ap.dir\debug\enbconfigurationupdate.obj
c:\users\alexey\desktop\min\vne\rbs\rbs\build-asn1\rbs_asn1_s1ap.dir\debug\handoverpreparationfailure.obj
c:\users\alexey\desktop\min\vne\rbs\rbs\build-asn1\rbs_asn1_s1ap.dir\debug\locationreportingfailureindication.obj
c:\users\alexey\desktop\min\vne\rbs\rbs\build-asn1\rbs_asn1_s1ap.dir\debug\overloadstart.obj
c:\users\alexey\desktop\min\vne\rbs\rbs\build-asn1\rbs_asn1_s1ap.dir\debug\recommendedcellsforpaging.obj
c:\users\alexey\desktop\min\vne\rbs\rbs\build-asn1\rbs_asn1_s1ap.dir\debug\s1setuprequest.obj
c:\users\alexey\desktop\min\vne\rbs\rbs\build-asn1\rbs_asn1_s1ap.dir\debug\uecontextmodificationconfirm.obj
c:\users\alexey\desktop\min\vne\rbs\rbs\build-asn1\rbs_asn1_s1ap.dir\debug\uecontextsuspendrequest.obj
c:\users\alexey\desktop\min\vne\rbs\rbs\build-asn1\rbs_asn1_s1ap.dir\debug\writereplacewarningresponse.obj
c:\users\alexey\desktop\min\vne\rbs\rbs\build-asn1\rbs_asn1_s1ap.dir\debug\assistancedataforrecommendedcells.obj
c:\users\alexey\desktop\min\vne\rbs\rbs\build-asn1\rbs_asn1_s1ap.dir\debug\e-rabmodifyrequest.obj
c:\users\alexey\desktop\min\vne\rbs\rbs\build-asn1\rbs_asn1_s1ap.dir\debug\e-rabtobesetuplistbearersureq.obj
c:\users\alexey\desktop\min\vne\rbs\rbs\build-asn1\rbs_asn1_s1ap.dir\debug\errorindication.obj
c:\users\alexey\desktop\min\vne\rbs\rbs\build-asn1\rbs_asn1_s1ap.dir\debug\initialcontextsetuprequest.obj
c:\users\alexey\desktop\min\vne\rbs\rbs\build-asn1\rbs_asn1_s1ap.dir\debug\mmeconfigurationupdateacknowledge.obj
c:\users\alexey\desktop\min\vne\rbs\rbs\build-asn1\rbs_asn1_s1ap.dir\debug\pathswitchrequest.obj
c:\users\alexey\desktop\min\vne\rbs\rbs\build-asn1\rbs_asn1_s1ap.dir\debug\reroutenasrequest.obj
c:\users\alexey\desktop\min\vne\rbs\rbs\build-asn1\rbs_asn1_s1ap.dir\debug\secondaryratdatausagereportlist.obj
c:\users\alexey\desktop\min\vne\rbs\rbs\build-asn1\rbs_asn1_s1ap.dir\debug\uecontextmodificationindication.obj
c:\users\alexey\desktop\min\vne\rbs\rbs\build-asn1\rbs_asn1_s1ap.dir\debug\ueinformationtransfer.obj
c:\users\alexey\desktop\min\vne\rbs\rbs\build-asn1\rbs_asn1_s1ap.dir\debug\e-rabadmittedlist.obj
c:\users\alexey\desktop\min\vne\rbs\rbs\build-asn1\rbs_asn1_s1ap.dir\debug\e-rabfailedtoresumelistresumeres.obj
c:\users\alexey\desktop\min\vne\rbs\rbs\build-asn1\rbs_asn1_s1ap.dir\debug\e-rabreleaseindication.obj
c:\users\alexey\desktop\min\vne\rbs\rbs\build-asn1\rbs_asn1_s1ap.dir\debug\e-rabtobesetuplisthoreq.obj
c:\users\alexey\desktop\min\vne\rbs\rbs\build-asn1\rbs_asn1_s1ap.dir\debug\enbstatustransfer.obj
c:\users\alexey\desktop\min\vne\rbs\rbs\build-asn1\rbs_asn1_s1ap.dir\debug\initialcontextsetupfailure.obj
c:\users\alexey\desktop\min\vne\rbs\rbs\build-asn1\rbs_asn1_s1ap.dir\debug\mmeconfigurationtransfer.obj
c:\users\alexey\desktop\min\vne\rbs\rbs\build-asn1\rbs_asn1_s1ap.dir\debug\pwsfailureindication.obj
c:\users\alexey\desktop\min\vne\rbs\rbs\build-asn1\rbs_asn1_s1ap.dir\debug\protocolie-singlecontainer.obj
c:\users\alexey\desktop\min\vne\rbs\rbs\build-asn1\rbs_asn1_s1ap.dir\debug\s1setupresponse.obj
c:\users\alexey\desktop\min\vne\rbs\rbs\build-asn1\rbs_asn1_s1ap.dir\debug\uecapabilityinfoindication.obj
c:\users\alexey\desktop\min\vne\rbs\rbs\build-asn1\rbs_asn1_s1ap.dir\debug\uecontextsuspendresponse.obj
c:\users\alexey\desktop\min\vne\rbs\rbs\build-asn1\rbs_asn1_s1ap.dir\debug\protocolextensionfield.obj
c:\users\alexey\desktop\min\vne\rbs\rbs\build-asn1\rbs_asn1_s1ap.dir\debug\mdtmode-extension.obj
c:\users\alexey\desktop\min\vne\rbs\rbs\build-asn1\rbs_asn1_s1ap.dir\debug\soninformation-extension.obj
c:\users\alexey\desktop\min\vne\rbs\rbs\build-asn1\rbs_asn1_s1ap.dir\debug\any.obj
c:\users\alexey\desktop\min\vne\rbs\rbs\build-asn1\rbs_asn1_s1ap.dir\debug\bearertype.obj
c:\users\alexey\desktop\min\vne\rbs\rbs\build-asn1\rbs_asn1_s1ap.dir\debug\celevel.obj
c:\users\alexey\desktop\min\vne\rbs\rbs\build-asn1\rbs_asn1_s1ap.dir\debug\causeradionetwork.obj
c:\users\alexey\desktop\min\vne\rbs\rbs\build-asn1\rbs_asn1_s1ap.dir\debug\cell-size.obj
c:\users\alexey\desktop\min\vne\rbs\rbs\build-asn1\rbs_asn1_s1ap.dir\debug\emergencyareaid.obj
c:\users\alexey\desktop\min\vne\rbs\rbs\build-asn1\rbs_asn1_s1ap.dir\debug\expectedactivityperiod.obj
c:\users\alexey\desktop\min\vne\rbs\rbs\build-asn1\rbs_asn1_s1ap.dir\debug\gwcontextreleaseindication.obj
c:\users\alexey\desktop\min\vne\rbs\rbs\build-asn1\rbs_asn1_s1ap.dir\debug\mme-group-id.obj
c:\users\alexey\desktop\min\vne\rbs\rbs\build-asn1\rbs_asn1_s1ap.dir\debug\nassecurityparametersfrome-utran.obj
c:\users\alexey\desktop\min\vne\rbs\rbs\build-asn1\rbs_asn1_s1ap.dir\debug\octet_string.obj
c:\users\alexey\desktop\min\vne\rbs\rbs\build-asn1\rbs_asn1_s1ap.dir\debug\ps-servicenotavailable.obj
c:\users\alexey\desktop\min\vne\rbs\rbs\build-asn1\rbs_asn1_s1ap.dir\debug\pagingdrx.obj
c:\users\alexey\desktop\min\vne\rbs\rbs\build-asn1\rbs_asn1_s1ap.dir\debug\presence.obj
c:\users\alexey\desktop\min\vne\rbs\rbs\build-asn1\rbs_asn1_s1ap.dir\debug\rac.obj
c:\users\alexey\desktop\min\vne\rbs\rbs\build-asn1\rbs_asn1_s1ap.dir\debug\receivestatusofulpdcpsduspdcp-snlength18.obj
c:\users\alexey\desktop\min\vne\rbs\rbs\build-asn1\rbs_asn1_s1ap.dir\debug\reportamountmdt.obj
c:\users\alexey\desktop\min\vne\rbs\rbs\build-asn1\rbs_asn1_s1ap.dir\debug\securitykey.obj
c:\users\alexey\desktop\min\vne\rbs\rbs\build-asn1\rbs_asn1_s1ap.dir\debug\source-totarget-transparentcontainer.obj
c:\users\alexey\desktop\min\vne\rbs\rbs\build-asn1\rbs_asn1_s1ap.dir\debug\successfuloutcome.obj
c:\users\alexey\desktop\min\vne\rbs\rbs\build-asn1\rbs_asn1_s1ap.dir\debug\targetngrannode-tosourcengrannode-transparentcontainer.obj
c:\users\alexey\desktop\min\vne\rbs\rbs\build-asn1\rbs_asn1_s1ap.dir\debug\timetowait.obj
c:\users\alexey\desktop\min\vne\rbs\rbs\build-asn1\rbs_asn1_s1ap.dir\debug\ue-application-layer-measurement-capability.obj
c:\users\alexey\desktop\min\vne\rbs\rbs\build-asn1\rbs_asn1_s1ap.dir\debug\warningsecurityinfo.obj
c:\users\alexey\desktop\min\vne\rbs\rbs\build-asn1\rbs_asn1_s1ap.dir\debug\ber_decoder.obj
c:\users\alexey\desktop\min\vne\rbs\rbs\build-asn1\rbs_asn1_s1ap.dir\debug\per_opentype.obj
c:\users\alexey\desktop\min\vne\rbs\rbs\build-asn1\rbs_asn1_s1ap.dir\debug\bplmns.obj
c:\users\alexey\desktop\min\vne\rbs\rbs\build-asn1\rbs_asn1_s1ap.dir\debug\cause.obj
c:\users\alexey\desktop\min\vne\rbs\rbs\build-asn1\rbs_asn1_s1ap.dir\debug\cdma2000onexmeid.obj
c:\users\alexey\desktop\min\vne\rbs\rbs\build-asn1\rbs_asn1_s1ap.dir\debug\dcn-id.obj
c:\users\alexey\desktop\min\vne\rbs\rbs\build-asn1\rbs_asn1_s1ap.dir\debug\emergencyareaidlistforrestart.obj
c:\users\alexey\desktop\min\vne\rbs\rbs\build-asn1\rbs_asn1_s1ap.dir\debug\extended-ueidentityindexvalue.obj
c:\users\alexey\desktop\min\vne\rbs\rbs\build-asn1\rbs_asn1_s1ap.dir\debug\forbiddenlacs.obj
c:\users\alexey\desktop\min\vne\rbs\rbs\build-asn1\rbs_asn1_s1ap.dir\debug\gtp-teid.obj
c:\users\alexey\desktop\min\vne\rbs\rbs\build-asn1\rbs_asn1_s1ap.dir\debug\hfnforpdcp-snlength18.obj
c:\users\alexey\desktop\min\vne\rbs\rbs\build-asn1\rbs_asn1_s1ap.dir\debug\handovertype.obj
c:\users\alexey\desktop\min\vne\rbs\rbs\build-asn1\rbs_asn1_s1ap.dir\debug\integrityprotectionalgorithms.obj
c:\users\alexey\desktop\min\vne\rbs\rbs\build-asn1\rbs_asn1_s1ap.dir\debug\mdt-location-info.obj
c:\users\alexey\desktop\min\vne\rbs\rbs\build-asn1\rbs_asn1_s1ap.dir\debug\messageidentifier.obj
c:\users\alexey\desktop\min\vne\rbs\rbs\build-asn1\rbs_asn1_s1ap.dir\debug\nb-iot-paging-edrx-cycle.obj
c:\users\alexey\desktop\min\vne\rbs\rbs\build-asn1\rbs_asn1_s1ap.dir\debug\nativeenumerated.obj
c:\users\alexey\desktop\min\vne\rbs\rbs\build-asn1\rbs_asn1_s1ap.dir\debug\pdcp-sn.obj
c:\users\alexey\desktop\min\vne\rbs\rbs\build-asn1\rbs_asn1_s1ap.dir\debug\protocolie-containerpair.obj
c:\users\alexey\desktop\min\vne\rbs\rbs\build-asn1\rbs_asn1_s1ap.dir\debug\requesttypeadditionalinfo.obj
c:\users\alexey\desktop\min\vne\rbs\rbs\build-asn1\rbs_asn1_s1ap.dir\debug\sourceofueactivitybehaviourinformation.obj
c:\users\alexey\desktop\min\vne\rbs\rbs\build-asn1\rbs_asn1_s1ap.dir\debug\targetrnc-tosourcernc-transparentcontainer.obj
c:\users\alexey\desktop\min\vne\rbs\rbs\build-asn1\rbs_asn1_s1ap.dir\debug\ue-rlf-report-container-for-extended-bands.obj
c:\users\alexey\desktop\min\vne\rbs\rbs\build-asn1\rbs_asn1_s1ap.dir\debug\ul-nas-count.obj
c:\users\alexey\desktop\min\vne\rbs\rbs\build-asn1\rbs_asn1_s1ap.dir\debug\wlanmeasconfig.obj
c:\users\alexey\desktop\min\vne\rbs\rbs\build-asn1\rbs_asn1_s1ap.dir\debug\constr_type.obj
c:\users\alexey\desktop\min\vne\rbs\rbs\build-asn1\rbs_asn1_s1ap.dir\debug\cdma2000sectorid.obj
c:\users\alexey\desktop\min\vne\rbs\rbs\build-asn1\rbs_asn1_s1ap.dir\debug\data-forwarding-not-possible.obj
c:\users\alexey\desktop\min\vne\rbs\rbs\build-asn1\rbs_asn1_s1ap.dir\debug\edt-session.obj
c:\users\alexey\desktop\min\vne\rbs\rbs\build-asn1\rbs_asn1_s1ap.dir\debug\eplmns.obj
c:\users\alexey\desktop\min\vne\rbs\rbs\build-asn1\rbs_asn1_s1ap.dir\debug\endindication.obj
c:\users\alexey\desktop\min\vne\rbs\rbs\build-asn1\rbs_asn1_s1ap.dir\debug\extendedrepetitionperiod.obj
c:\users\alexey\desktop\min\vne\rbs\rbs\build-asn1\rbs_asn1_s1ap.dir\debug\gnb-id.obj
c:\users\alexey\desktop\min\vne\rbs\rbs\build-asn1\rbs_asn1_s1ap.dir\debug\hfn.obj
c:\users\alexey\desktop\min\vne\rbs\rbs\build-asn1\rbs_asn1_s1ap.dir\debug\loggingduration.obj
c:\users\alexey\desktop\min\vne\rbs\rbs\build-asn1\rbs_asn1_s1ap.dir\debug\msclassmark3.obj
c:\users\alexey\desktop\min\vne\rbs\rbs\build-asn1\rbs_asn1_s1ap.dir\debug\nas-pdu.obj
c:\users\alexey\desktop\min\vne\rbs\rbs\build-asn1\rbs_asn1_s1ap.dir\debug\object_identifier.obj
c:\users\alexey\desktop\min\vne\rbs\rbs\build-asn1\rbs_asn1_s1ap.dir\debug\plmnlistforqmc.obj
c:\users\alexey\desktop\min\vne\rbs\rbs\build-asn1\rbs_asn1_s1ap.dir\debug\printablestring.obj
c:\users\alexey\desktop\min\vne\rbs\rbs\build-asn1\rbs_asn1_s1ap.dir\debug\procedurecode.obj
c:\users\alexey\desktop\min\vne\rbs\rbs\build-asn1\rbs_asn1_s1ap.dir\debug\protocolie-id.obj
c:\users\alexey\desktop\min\vne\rbs\rbs\build-asn1\rbs_asn1_s1ap.dir\debug\rnc-id.obj
c:\users\alexey\desktop\min\vne\rbs\rbs\build-asn1\rbs_asn1_s1ap.dir\debug\routing-id.obj
c:\users\alexey\desktop\min\vne\rbs\rbs\build-asn1\rbs_asn1_s1ap.dir\debug\serialnumber.obj
c:\users\alexey\desktop\min\vne\rbs\rbs\build-asn1\rbs_asn1_s1ap.dir\debug\servedplmns.obj
c:\users\alexey\desktop\min\vne\rbs\rbs\build-asn1\rbs_asn1_s1ap.dir\debug\targetbss-tosourcebss-transparentcontainer.obj
c:\users\alexey\desktop\min\vne\rbs\rbs\build-asn1\rbs_asn1_s1ap.dir\debug\timesincesecondarynoderelease.obj
c:\users\alexey\desktop\min\vne\rbs\rbs\build-asn1\rbs_asn1_s1ap.dir\debug\typeoferror.obj
c:\users\alexey\desktop\min\vne\rbs\rbs\build-asn1\rbs_asn1_s1ap.dir\debug\ueradiocapability.obj
c:\users\alexey\desktop\min\vne\rbs\rbs\build-asn1\rbs_asn1_s1ap.dir\debug\unlicensedspectrumrestriction.obj
c:\users\alexey\desktop\min\vne\rbs\rbs\build-asn1\rbs_asn1_s1ap.dir\debug\asn_application.obj
c:\users\alexey\desktop\min\vne\rbs\rbs\build-asn1\rbs_asn1_s1ap.dir\debug\constr_set_of.obj
c:\users\alexey\desktop\min\vne\rbs\rbs\build-asn1\rbs_asn1_s1ap.dir\debug\additionalcsfallbackindicator.obj
c:\users\alexey\desktop\min\vne\rbs\rbs\build-asn1\rbs_asn1_s1ap.dir\debug\bitrate.obj
c:\users\alexey\desktop\min\vne\rbs\rbs\build-asn1\rbs_asn1_s1ap.dir\debug\cndomain.obj
c:\users\alexey\desktop\min\vne\rbs\rbs\build-asn1\rbs_asn1_s1ap.dir\debug\cdma2000horequiredindication.obj
c:\users\alexey\desktop\min\vne\rbs\rbs\build-asn1\rbs_asn1_s1ap.dir\debug\concurrentwarningmessageindicator.obj
c:\users\alexey\desktop\min\vne\rbs\rbs\build-asn1\rbs_asn1_s1ap.dir\debug\e-rab-ie-containerpairlist.obj
c:\users\alexey\desktop\min\vne\rbs\rbs\build-asn1\rbs_asn1_s1ap.dir\debug\eventtype.obj
c:\users\alexey\desktop\min\vne\rbs\rbs\build-asn1\rbs_asn1_s1ap.dir\debug\handoverflag.obj
c:\users\alexey\desktop\min\vne\rbs\rbs\build-asn1\rbs_asn1_s1ap.dir\debug\imsi.obj
c:\users\alexey\desktop\min\vne\rbs\rbs\build-asn1\rbs_asn1_s1ap.dir\debug\lhn-id.obj
c:\users\alexey\desktop\min\vne\rbs\rbs\build-asn1\rbs_asn1_s1ap.dir\debug\m3period.obj
c:\users\alexey\desktop\min\vne\rbs\rbs\build-asn1\rbs_asn1_s1ap.dir\debug\mobilityinformation.obj
c:\users\alexey\desktop\min\vne\rbs\rbs\build-asn1\rbs_asn1_s1ap.dir\debug\nb-iot-ueidentityindexvalue.obj
c:\users\alexey\desktop\min\vne\rbs\rbs\build-asn1\rbs_asn1_s1ap.dir\debug\null.obj
c:\users\alexey\desktop\min\vne\rbs\rbs\build-asn1\rbs_asn1_s1ap.dir\debug\paging-edrx-cycle.obj
c:\users\alexey\desktop\min\vne\rbs\rbs\build-asn1\rbs_asn1_s1ap.dir\debug\pedestrianue.obj
c:\users\alexey\desktop\min\vne\rbs\rbs\build-asn1\rbs_asn1_s1ap.dir\debug\protocolextensionid.obj
c:\users\alexey\desktop\min\vne\rbs\rbs\build-asn1\rbs_asn1_s1ap.dir\debug\rat-type.obj
c:\users\alexey\desktop\min\vne\rbs\rbs\build-asn1\rbs_asn1_s1ap.dir\debug\receivestatusofulpdcpsdus.obj
c:\users\alexey\desktop\min\vne\rbs\rbs\build-asn1\rbs_asn1_s1ap.dir\debug\reportintervalmdt.obj
c:\users\alexey\desktop\min\vne\rbs\rbs\build-asn1\rbs_asn1_s1ap.dir\debug\stratumlevel.obj
c:\users\alexey\desktop\min\vne\rbs\rbs\build-asn1\rbs_asn1_s1ap.dir\debug\talistformdt.obj
c:\users\alexey\desktop\min\vne\rbs\rbs\build-asn1\rbs_asn1_s1ap.dir\debug\transportinformation.obj
c:\users\alexey\desktop\min\vne\rbs\rbs\build-asn1\rbs_asn1_s1ap.dir\debug\ue-retentioninformation.obj
c:\users\alexey\desktop\min\vne\rbs\rbs\build-asn1\rbs_asn1_s1ap.dir\debug\ueidentityindexvalue.obj
c:\users\alexey\desktop\min\vne\rbs\rbs\build-asn1\rbs_asn1_s1ap.dir\debug\voicesupportmatchindicator.obj
c:\users\alexey\desktop\min\vne\rbs\rbs\build-asn1\rbs_asn1_s1ap.dir\debug\asn_random_fill.obj
c:\users\alexey\desktop\min\vne\rbs\rbs\build-asn1\rbs_asn1_s1ap.dir\debug\per_encoder.obj
c:\users\alexey\desktop\min\vne\rbs\rbs\build-asn1\rbs_asn1_s1ap.dir\debug\bluetoothmeasconfig.obj
c:\users\alexey\desktop\min\vne\rbs\rbs\build-asn1\rbs_asn1_s1ap.dir\debug\ci.obj
c:\users\alexey\desktop\min\vne\rbs\rbs\build-asn1\rbs_asn1_s1ap.dir\debug\cdma2000hostatus.obj
c:\users\alexey\desktop\min\vne\rbs\rbs\build-asn1\rbs_asn1_s1ap.dir\debug\expectedidleperiod.obj
c:\users\alexey\desktop\min\vne\rbs\rbs\build-asn1\rbs_asn1_s1ap.dir\debug\gummeitype.obj
c:\users\alexey\desktop\min\vne\rbs\rbs\build-asn1\rbs_asn1_s1ap.dir\debug\imsvoiceepsfallbackfrom5g.obj
c:\users\alexey\desktop\min\vne\rbs\rbs\build-asn1\rbs_asn1_s1ap.dir\debug\killallwarningmessages.obj
c:\users\alexey\desktop\min\vne\rbs\rbs\build-asn1\rbs_asn1_s1ap.dir\debug\lastvisitedngrancellinformation.obj
c:\users\alexey\desktop\min\vne\rbs\rbs\build-asn1\rbs_asn1_s1ap.dir\debug\m6report-interval.obj
c:\users\alexey\desktop\min\vne\rbs\rbs\build-asn1\rbs_asn1_s1ap.dir\debug\mdtplmnlist.obj
c:\users\alexey\desktop\min\vne\rbs\rbs\build-asn1\rbs_asn1_s1ap.dir\debug\nrrestrictioninepsassecondaryrat.obj
c:\users\alexey\desktop\min\vne\rbs\rbs\build-asn1\rbs_asn1_s1ap.dir\debug\overloadaction.obj
c:\users\alexey\desktop\min\vne\rbs\rbs\build-asn1\rbs_asn1_s1ap.dir\debug\proseuetonetworkrelaying.obj
c:\users\alexey\desktop\min\vne\rbs\rbs\build-asn1\rbs_asn1_s1ap.dir\debug\protocolie-fieldpair.obj
c:\users\alexey\desktop\min\vne\rbs\rbs\build-asn1\rbs_asn1_s1ap.dir\debug\srvccoperationpossible.obj
c:\users\alexey\desktop\min\vne\rbs\rbs\build-asn1\rbs_asn1_s1ap.dir\debug\target-tosource-transparentcontainer.obj
c:\users\alexey\desktop\min\vne\rbs\rbs\build-asn1\rbs_asn1_s1ap.dir\debug\time-ue-stayedincell-enhancedgranularity.obj
c:\users\alexey\desktop\min\vne\rbs\rbs\build-asn1\rbs_asn1_s1ap.dir\debug\transportlayeraddress.obj
c:\users\alexey\desktop\min\vne\rbs\rbs\build-asn1\rbs_asn1_s1ap.dir\debug\ue-usage-type.obj
c:\users\alexey\desktop\min\vne\rbs\rbs\build-asn1\rbs_asn1_s1ap.dir\debug\ueradiocapabilityforpaging.obj
c:\users\alexey\desktop\min\vne\rbs\rbs\build-asn1\rbs_asn1_s1ap.dir\debug\unsuccessfuloutcome.obj
c:\users\alexey\desktop\min\vne\rbs\rbs\build-asn1\rbs_asn1_s1ap.dir\debug\warningareacoordinates.obj
c:\users\alexey\desktop\min\vne\rbs\rbs\build-asn1\rbs_asn1_s1ap.dir\debug\asn_internal.obj
c:\users\alexey\desktop\min\vne\rbs\rbs\build-asn1\rbs_asn1_s1ap.dir\debug\per_decoder.obj
c:\users\alexey\desktop\min\vne\rbs\rbs\build-asn1\rbs_asn1_s1ap.dir\debug\bluetoothmeasconfignamelist.obj
c:\users\alexey\desktop\min\vne\rbs\rbs\build-asn1\rbs_asn1_s1ap.dir\debug\cdma2000onexmsi.obj
c:\users\alexey\desktop\min\vne\rbs\rbs\build-asn1\rbs_asn1_s1ap.dir\debug\dl-forwarding.obj
c:\users\alexey\desktop\min\vne\rbs\rbs\build-asn1\rbs_asn1_s1ap.dir\debug\enbindirectx2transportlayeraddresses.obj
c:\users\alexey\desktop\min\vne\rbs\rbs\build-asn1\rbs_asn1_s1ap.dir\debug\enbname.obj
c:\users\alexey\desktop\min\vne\rbs\rbs\build-asn1\rbs_asn1_s1ap.dir\debug\encryptionalgorithms.obj
c:\users\alexey\desktop\min\vne\rbs\rbs\build-asn1\rbs_asn1_s1ap.dir\debug\extendedbitrate.obj
c:\users\alexey\desktop\min\vne\rbs\rbs\build-asn1\rbs_asn1_s1ap.dir\debug\intendednumberofpagingattempts.obj
c:\users\alexey\desktop\min\vne\rbs\rbs\build-asn1\rbs_asn1_s1ap.dir\debug\l3-information.obj
c:\users\alexey\desktop\min\vne\rbs\rbs\build-asn1\rbs_asn1_s1ap.dir\debug\links-to-log.obj
c:\users\alexey\desktop\min\vne\rbs\rbs\build-asn1\rbs_asn1_s1ap.dir\debug\measurementthresholda2.obj
c:\users\alexey\desktop\min\vne\rbs\rbs\build-asn1\rbs_asn1_s1ap.dir\debug\nextpagingareascope.obj
c:\users\alexey\desktop\min\vne\rbs\rbs\build-asn1\rbs_asn1_s1ap.dir\debug\pdcp-snextended.obj
c:\users\alexey\desktop\min\vne\rbs\rbs\build-asn1\rbs_asn1_s1ap.dir\debug\packet-lossrate.obj
c:\users\alexey\desktop\min\vne\rbs\rbs\build-asn1\rbs_asn1_s1ap.dir\debug\sourcebss-totargetbss-transparentcontainer.obj
c:\users\alexey\desktop\min\vne\rbs\rbs\build-asn1\rbs_asn1_s1ap.dir\debug\ue-historyinformationfromtheue.obj
c:\users\alexey\desktop\min\vne\rbs\rbs\build-asn1\rbs_asn1_s1ap.dir\debug\vehicleue.obj
c:\users\alexey\desktop\min\vne\rbs\rbs\build-asn1\rbs_asn1_s1ap.dir\debug\warningmessagecontents.obj
c:\users\alexey\desktop\min\vne\rbs\rbs\build-asn1\rbs_asn1_s1ap.dir\debug\asn_codecs_prim.obj
c:\users\alexey\desktop\min\vne\rbs\rbs\build-asn1\rbs_asn1_s1ap.dir\debug\der_encoder.obj
c:\users\alexey\desktop\min\vne\rbs\rbs\build-asn1\rbs_asn1_s1ap.dir\debug\ce-mode-b-supportindicator.obj
c:\users\alexey\desktop\min\vne\rbs\rbs\build-asn1\rbs_asn1_s1ap.dir\debug\csfallbackindicator.obj
c:\users\alexey\desktop\min\vne\rbs\rbs\build-asn1\rbs_asn1_s1ap.dir\debug\cdma2000onexpilot.obj
c:\users\alexey\desktop\min\vne\rbs\rbs\build-asn1\rbs_asn1_s1ap.dir\debug\datacodingscheme.obj
c:\users\alexey\desktop\min\vne\rbs\rbs\build-asn1\rbs_asn1_s1ap.dir\debug\forbiddentacs.obj
c:\users\alexey\desktop\min\vne\rbs\rbs\build-asn1\rbs_asn1_s1ap.dir\debug\lac.obj
c:\users\alexey\desktop\min\vne\rbs\rbs\build-asn1\rbs_asn1_s1ap.dir\debug\lastvisitedutrancellinformation.obj
c:\users\alexey\desktop\min\vne\rbs\rbs\build-asn1\rbs_asn1_s1ap.dir\debug\m1reportingtrigger.obj
c:\users\alexey\desktop\min\vne\rbs\rbs\build-asn1\rbs_asn1_s1ap.dir\debug\m7period.obj
c:\users\alexey\desktop\min\vne\rbs\rbs\build-asn1\rbs_asn1_s1ap.dir\debug\managementbasedmdtallowed.obj
c:\users\alexey\desktop\min\vne\rbs\rbs\build-asn1\rbs_asn1_s1ap.dir\debug\nassecurityparameterstoe-utran.obj
c:\users\alexey\desktop\min\vne\rbs\rbs\build-asn1\rbs_asn1_s1ap.dir\debug\nrintegrityprotectionalgorithms.obj
c:\users\alexey\desktop\min\vne\rbs\rbs\build-asn1\rbs_asn1_s1ap.dir\debug\overloadresponse.obj
c:\users\alexey\desktop\min\vne\rbs\rbs\build-asn1\rbs_asn1_s1ap.dir\debug\pendingdataindication.obj
c:\users\alexey\desktop\min\vne\rbs\rbs\build-asn1\rbs_asn1_s1ap.dir\debug\receivestatusofulpdcpsdusextended.obj
c:\users\alexey\desktop\min\vne\rbs\rbs\build-asn1\rbs_asn1_s1ap.dir\debug\relaynode-indicator.obj
c:\users\alexey\desktop\min\vne\rbs\rbs\build-asn1\rbs_asn1_s1ap.dir\debug\resetall.obj
c:\users\alexey\desktop\min\vne\rbs\rbs\build-asn1\rbs_asn1_s1ap.dir\debug\servicetype.obj
c:\users\alexey\desktop\min\vne\rbs\rbs\build-asn1\rbs_asn1_s1ap.dir\debug\tbcd-string.obj
c:\users\alexey\desktop\min\vne\rbs\rbs\build-asn1\rbs_asn1_s1ap.dir\debug\time-ue-stayedincell.obj
c:\users\alexey\desktop\min\vne\rbs\rbs\build-asn1\rbs_asn1_s1ap.dir\debug\triggeringmessage.obj
c:\users\alexey\desktop\min\vne\rbs\rbs\build-asn1\rbs_asn1_s1ap.dir\debug\wlanname.obj
c:\users\alexey\desktop\min\vne\rbs\rbs\build-asn1\rbs_asn1_s1ap.dir\debug\asn_bit_data.obj
c:\users\alexey\desktop\min\vne\rbs\rbs\build-asn1\rbs_asn1_s1ap.dir\debug\constraints.obj
c:\users\alexey\desktop\min\vne\rbs\rbs\build-asn1\rbs_asn1_s1ap.dir\debug\bluetoothname.obj
c:\users\alexey\desktop\min\vne\rbs\rbs\build-asn1\rbs_asn1_s1ap.dir\debug\causenas.obj
c:\users\alexey\desktop\min\vne\rbs\rbs\build-asn1\rbs_asn1_s1ap.dir\debug\cdma2000onexrand.obj
c:\users\alexey\desktop\min\vne\rbs\rbs\build-asn1\rbs_asn1_s1ap.dir\debug\enhancedcoveragerestricted.obj
c:\users\alexey\desktop\min\vne\rbs\rbs\build-asn1\rbs_asn1_s1ap.dir\debug\fivegstac.obj
c:\users\alexey\desktop\min\vne\rbs\rbs\build-asn1\rbs_asn1_s1ap.dir\debug\gnb-identity.obj
c:\users\alexey\desktop\min\vne\rbs\rbs\build-asn1\rbs_asn1_s1ap.dir\debug\hfnmodified.obj
c:\users\alexey\desktop\min\vne\rbs\rbs\build-asn1\rbs_asn1_s1ap.dir\debug\initiatingmessage.obj
c:\users\alexey\desktop\min\vne\rbs\rbs\build-asn1\rbs_asn1_s1ap.dir\debug\lastvisitedgerancellinformation.obj
c:\users\alexey\desktop\min\vne\rbs\rbs\build-asn1\rbs_asn1_s1ap.dir\debug\m5period.obj
c:\users\alexey\desktop\min\vne\rbs\rbs\build-asn1\rbs_asn1_s1ap.dir\debug\mmerelaysupportindicator.obj
c:\users\alexey\desktop\min\vne\rbs\rbs\build-asn1\rbs_asn1_s1ap.dir\debug\masked-imeisv.obj
c:\users\alexey\desktop\min\vne\rbs\rbs\build-asn1\rbs_asn1_s1ap.dir\debug\nb-iot-pagingtimewindow.obj
c:\users\alexey\desktop\min\vne\rbs\rbs\build-asn1\rbs_asn1_s1ap.dir\debug\nativeinteger.obj
c:\users\alexey\desktop\min\vne\rbs\rbs\build-asn1\rbs_asn1_s1ap.dir\debug\port-number.obj
c:\users\alexey\desktop\min\vne\rbs\rbs\build-asn1\rbs_asn1_s1ap.dir\debug\privateie-id.obj
c:\users\alexey\desktop\min\vne\rbs\rbs\build-asn1\rbs_asn1_s1ap.dir\debug\rrc-establishment-cause.obj
c:\users\alexey\desktop\min\vne\rbs\rbs\build-asn1\rbs_asn1_s1ap.dir\debug\reportarea.obj
c:\users\alexey\desktop\min\vne\rbs\rbs\build-asn1\rbs_asn1_s1ap.dir\debug\srvcchoindication.obj
c:\users\alexey\desktop\min\vne\rbs\rbs\build-asn1\rbs_asn1_s1ap.dir\debug\secondaryrattype.obj
c:\users\alexey\desktop\min\vne\rbs\rbs\build-asn1\rbs_asn1_s1ap.dir\debug\servedmmecs.obj
c:\users\alexey\desktop\min\vne\rbs\rbs\build-asn1\rbs_asn1_s1ap.dir\debug\tracedepth.obj
c:\users\alexey\desktop\min\vne\rbs\rbs\build-asn1\rbs_asn1_s1ap.dir\debug\uecapabilityinforequest.obj
c:\users\alexey\desktop\min\vne\rbs\rbs\build-asn1\rbs_asn1_s1ap.dir\debug\warningtype.obj
c:\users\alexey\desktop\min\vne\rbs\rbs\build-asn1\rbs_asn1_s1ap.dir\debug\ber_tlv_length.obj
c:\users\alexey\desktop\min\vne\rbs\rbs\build-asn1\rbs_asn1_s1ap.dir\debug\per_support.obj
c:\users\alexey\desktop\min\vne\rbs\rbs\build-asn1\rbs_asn1_s1ap.dir\debug\ce-modebrestricted.obj
c:\users\alexey\desktop\min\vne\rbs\rbs\build-asn1\rbs_asn1_s1ap.dir\debug\cellidentity.obj
c:\users\alexey\desktop\min\vne\rbs\rbs\build-asn1\rbs_asn1_s1ap.dir\debug\enb-ue-s1ap-id.obj
c:\users\alexey\desktop\min\vne\rbs\rbs\build-asn1\rbs_asn1_s1ap.dir\debug\enbx2gtptlas.obj
c:\users\alexey\desktop\min\vne\rbs\rbs\build-asn1\rbs_asn1_s1ap.dir\debug\emergencyareaidlist.obj
c:\users\alexey\desktop\min\vne\rbs\rbs\build-asn1\rbs_asn1_s1ap.dir\debug\expectedhointerval.obj
c:\users\alexey\desktop\min\vne\rbs\rbs\build-asn1\rbs_asn1_s1ap.dir\debug\forbiddeninterrats.obj
c:\users\alexey\desktop\min\vne\rbs\rbs\build-asn1\rbs_asn1_s1ap.dir\debug\integer.obj
c:\users\alexey\desktop\min\vne\rbs\rbs\build-asn1\rbs_asn1_s1ap.dir\debug\interfacestotrace.obj
c:\users\alexey\desktop\min\vne\rbs\rbs\build-asn1\rbs_asn1_s1ap.dir\debug\lppa-pdu.obj
c:\users\alexey\desktop\min\vne\rbs\rbs\build-asn1\rbs_asn1_s1ap.dir\debug\mme-ue-s1ap-id.obj
c:\users\alexey\desktop\min\vne\rbs\rbs\build-asn1\rbs_asn1_s1ap.dir\debug\msclassmark2.obj
c:\users\alexey\desktop\min\vne\rbs\rbs\build-asn1\rbs_asn1_s1ap.dir\debug\nrcellidentity.obj
c:\users\alexey\desktop\min\vne\rbs\rbs\build-asn1\rbs_asn1_s1ap.dir\debug\numberofbroadcasts.obj
c:\users\alexey\desktop\min\vne\rbs\rbs\build-asn1\rbs_asn1_s1ap.dir\debug\pdcp-snlength18.obj
c:\users\alexey\desktop\min\vne\rbs\rbs\build-asn1\rbs_asn1_s1ap.dir\debug\privacyindicator.obj
c:\users\alexey\desktop\min\vne\rbs\rbs\build-asn1\rbs_asn1_s1ap.dir\debug\tac.obj
c:\users\alexey\desktop\min\vne\rbs\rbs\build-asn1\rbs_asn1_s1ap.dir\debug\constr_sequence.obj
c:\users\alexey\desktop\min\vne\rbs\rbs\build-asn1\rbs_asn1_s1ap.dir\debug\xer_support.obj
c:\users\alexey\desktop\min\vne\rbs\rbs\build-asn1\rbs_asn1_s1ap.dir\debug\causemisc.obj
c:\users\alexey\desktop\min\vne\rbs\rbs\build-asn1\rbs_asn1_s1ap.dir\debug\cdma2000pdu.obj
c:\users\alexey\desktop\min\vne\rbs\rbs\build-asn1\rbs_asn1_s1ap.dir\debug\coverage-level.obj
c:\users\alexey\desktop\min\vne\rbs\rbs\build-asn1\rbs_asn1_s1ap.dir\debug\dlnaspdudeliveryackrequest.obj
c:\users\alexey\desktop\min\vne\rbs\rbs\build-asn1\rbs_asn1_s1ap.dir\debug\e-rab-id.obj
c:\users\alexey\desktop\min\vne\rbs\rbs\build-asn1\rbs_asn1_s1ap.dir\debug\e-utran-trace-id.obj
c:\users\alexey\desktop\min\vne\rbs\rbs\build-asn1\rbs_asn1_s1ap.dir\debug\m-tmsi.obj
c:\users\alexey\desktop\min\vne\rbs\rbs\build-asn1\rbs_asn1_s1ap.dir\debug\mmename.obj
c:\users\alexey\desktop\min\vne\rbs\rbs\build-asn1\rbs_asn1_s1ap.dir\debug\mutingavailabilityindication.obj
c:\users\alexey\desktop\min\vne\rbs\rbs\build-asn1\rbs_asn1_s1ap.dir\debug\numberofbroadcastrequest.obj
c:\users\alexey\desktop\min\vne\rbs\rbs\build-asn1\rbs_asn1_s1ap.dir\debug\pagingattemptcount.obj
c:\users\alexey\desktop\min\vne\rbs\rbs\build-asn1\rbs_asn1_s1ap.dir\debug\pre-emptionvulnerability.obj
c:\users\alexey\desktop\min\vne\rbs\rbs\build-asn1\rbs_asn1_s1ap.dir\debug\prosedirectcommunication.obj
c:\users\alexey\desktop\min\vne\rbs\rbs\build-asn1\rbs_asn1_s1ap.dir\debug\protocolie-containerpairlist.obj
c:\users\alexey\desktop\min\vne\rbs\rbs\build-asn1\rbs_asn1_s1ap.dir\debug\riminformation.obj
c:\users\alexey\desktop\min\vne\rbs\rbs\build-asn1\rbs_asn1_s1ap.dir\debug\soninformationrequest.obj
c:\users\alexey\desktop\min\vne\rbs\rbs\build-asn1\rbs_asn1_s1ap.dir\debug\secondaryratdatausagerequest.obj
c:\users\alexey\desktop\min\vne\rbs\rbs\build-asn1\rbs_asn1_s1ap.dir\debug\servedgroupids.obj
c:\users\alexey\desktop\min\vne\rbs\rbs\build-asn1\rbs_asn1_s1ap.dir\debug\subscriberprofileidforrfp.obj
c:\users\alexey\desktop\min\vne\rbs\rbs\build-asn1\rbs_asn1_s1ap.dir\debug\threshold-rsrp.obj
c:\users\alexey\desktop\min\vne\rbs\rbs\build-asn1\rbs_asn1_s1ap.dir\debug\trafficloadreductionindication.obj
c:\users\alexey\desktop\min\vne\rbs\rbs\build-asn1\rbs_asn1_s1ap.dir\debug\ue-rlf-report-container.obj
c:\users\alexey\desktop\min\vne\rbs\rbs\build-asn1\rbs_asn1_s1ap.dir\debug\ul-nas-mac.obj
c:\users\alexey\desktop\min\vne\rbs\rbs\build-asn1\rbs_asn1_s1ap.dir\debug\wlanmeasconfignamelist.obj
c:\users\alexey\desktop\min\vne\rbs\rbs\build-asn1\rbs_asn1_s1ap.dir\debug\asn_sequence_of.obj
c:\users\alexey\desktop\min\vne\rbs\rbs\build-asn1\rbs_asn1_s1ap.dir\debug\ber_tlv_tag.obj
c:\users\alexey\desktop\min\vne\rbs\rbs\build-asn1\rbs_asn1_s1ap.dir\debug\xer_decoder.obj
c:\users\alexey\desktop\min\vne\rbs\rbs\build-asn1\rbs_asn1_s1ap.dir\debug\aerialuesubscriptioninformation.obj
c:\users\alexey\desktop\min\vne\rbs\rbs\build-asn1\rbs_asn1_s1ap.dir\debug\cntype.obj
c:\users\alexey\desktop\min\vne\rbs\rbs\build-asn1\rbs_asn1_s1ap.dir\debug\csgmembershipstatus.obj
c:\users\alexey\desktop\min\vne\rbs\rbs\build-asn1\rbs_asn1_s1ap.dir\debug\causetransport.obj
c:\users\alexey\desktop\min\vne\rbs\rbs\build-asn1\rbs_asn1_s1ap.dir\debug\cellaccessmode.obj
c:\users\alexey\desktop\min\vne\rbs\rbs\build-asn1\rbs_asn1_s1ap.dir\debug\criticality.obj
c:\users\alexey\desktop\min\vne\rbs\rbs\build-asn1\rbs_asn1_s1ap.dir\debug\direct-forwarding-path-availability.obj
c:\users\alexey\desktop\min\vne\rbs\rbs\build-asn1\rbs_asn1_s1ap.dir\debug\enbx2tlas.obj
c:\users\alexey\desktop\min\vne\rbs\rbs\build-asn1\rbs_asn1_s1ap.dir\debug\en-gnb-id.obj
c:\users\alexey\desktop\min\vne\rbs\rbs\build-asn1\rbs_asn1_s1ap.dir\debug\extendedrnc-id.obj
c:\users\alexey\desktop\min\vne\rbs\rbs\build-asn1\rbs_asn1_s1ap.dir\debug\logginginterval.obj
c:\users\alexey\desktop\min\vne\rbs\rbs\build-asn1\rbs_asn1_s1ap.dir\debug\m4period.obj
c:\users\alexey\desktop\min\vne\rbs\rbs\build-asn1\rbs_asn1_s1ap.dir\debug\mdt-activation.obj
c:\users\alexey\desktop\min\vne\rbs\rbs\build-asn1\rbs_asn1_s1ap.dir\debug\measurementstoactivate.obj
c:\users\alexey\desktop\min\vne\rbs\rbs\build-asn1\rbs_asn1_s1ap.dir\debug\nb-iot-defaultpagingdrx.obj
c:\users\alexey\desktop\min\vne\rbs\rbs\build-asn1\rbs_asn1_s1ap.dir\debug\nrrestrictionin5gs.obj
c:\users\alexey\desktop\min\vne\rbs\rbs\build-asn1\rbs_asn1_s1ap.dir\debug\oldbss-tonewbss-information.obj
c:\users\alexey\desktop\min\vne\rbs\rbs\build-asn1\rbs_asn1_s1ap.dir\debug\pagingtimewindow.obj
c:\users\alexey\desktop\min\vne\rbs\rbs\build-asn1\rbs_asn1_s1ap.dir\debug\prioritylevel.obj
c:\users\alexey\desktop\min\vne\rbs\rbs\build-asn1\rbs_asn1_s1ap.dir\debug\protocolerror-ie-containerlist.obj
c:\users\alexey\desktop\min\vne\rbs\rbs\build-asn1\rbs_asn1_s1ap.dir\debug\qci.obj
c:\users\alexey\desktop\min\vne\rbs\rbs\build-asn1\rbs_asn1_s1ap.dir\debug\rrc-container.obj
c:\users\alexey\desktop\min\vne\rbs\rbs\build-asn1\rbs_asn1_s1ap.dir\debug\relativemmecapacity.obj
c:\users\alexey\desktop\min\vne\rbs\rbs\build-asn1\rbs_asn1_s1ap.dir\debug\sourcengrannode-totargetngrannode-transparentcontainer.obj
c:\users\alexey\desktop\min\vne\rbs\rbs\build-asn1\rbs_asn1_s1ap.dir\debug\synchronisationstatus.obj
c:\users\alexey\desktop\min\vne\rbs\rbs\build-asn1\rbs_asn1_s1ap.dir\debug\talistforqmc.obj
c:\users\alexey\desktop\min\vne\rbs\rbs\build-asn1\rbs_asn1_s1ap.dir\debug\threshold-rsrq.obj
c:\users\alexey\desktop\min\vne\rbs\rbs\build-asn1\rbs_asn1_s1ap.dir\debug\ueuserplaneciotsupportindicator.obj
c:\users\alexey\desktop\min\vne\rbs\rbs\build-asn1\rbs_asn1_s1ap.dir\debug\constr_sequence_of.obj
c:\users\alexey\desktop\min\vne\rbs\rbs\build-asn1\rbs_asn1_s1ap.dir\debug\bit_string.obj
c:\users\alexey\desktop\min\vne\rbs\rbs\build-asn1\rbs_asn1_s1ap.dir\debug\csg-id.obj
c:\users\alexey\desktop\min\vne\rbs\rbs\build-asn1\rbs_asn1_s1ap.dir\debug\causeprotocol.obj
c:\users\alexey\desktop\min\vne\rbs\rbs\build-asn1\rbs_asn1_s1ap.dir\debug\cdma2000rattype.obj
c:\users\alexey\desktop\min\vne\rbs\rbs\build-asn1\rbs_asn1_s1ap.dir\debug\correlation-id.obj
c:\users\alexey\desktop\min\vne\rbs\rbs\build-asn1\rbs_asn1_s1ap.dir\debug\dl-nas-mac.obj
c:\users\alexey\desktop\min\vne\rbs\rbs\build-asn1\rbs_asn1_s1ap.dir\debug\earfcn.obj
c:\users\alexey\desktop\min\vne\rbs\rbs\build-asn1\rbs_asn1_s1ap.dir\debug\enb-id.obj
c:\users\alexey\desktop\min\vne\rbs\rbs\build-asn1\rbs_asn1_s1ap.dir\debug\eutranroundtripdelayestimationinfo.obj
c:\users\alexey\desktop\min\vne\rbs\rbs\build-asn1\rbs_asn1_s1ap.dir\debug\lte-m-indication.obj
c:\users\alexey\desktop\min\vne\rbs\rbs\build-asn1\rbs_asn1_s1ap.dir\debug\m6delay-threshold.obj
c:\users\alexey\desktop\min\vne\rbs\rbs\build-asn1\rbs_asn1_s1ap.dir\debug\mme-code.obj
c:\users\alexey\desktop\min\vne\rbs\rbs\build-asn1\rbs_asn1_s1ap.dir\debug\nrencryptionalgorithms.obj
c:\users\alexey\desktop\min\vne\rbs\rbs\build-asn1\rbs_asn1_s1ap.dir\debug\open_type.obj
c:\users\alexey\desktop\min\vne\rbs\rbs\build-asn1\rbs_asn1_s1ap.dir\debug\plmnidentity.obj
c:\users\alexey\desktop\min\vne\rbs\rbs\build-asn1\rbs_asn1_s1ap.dir\debug\pagingpriority.obj
c:\users\alexey\desktop\min\vne\rbs\rbs\build-asn1\rbs_asn1_s1ap.dir\debug\pre-emptioncapability.obj
c:\users\alexey\desktop\min\vne\rbs\rbs\build-asn1\rbs_asn1_s1ap.dir\debug\prosedirectdiscovery.obj
c:\users\alexey\desktop\min\vne\rbs\rbs\build-asn1\rbs_asn1_s1ap.dir\debug\protocolie-field.obj
c:\users\alexey\desktop\min\vne\rbs\rbs\build-asn1\rbs_asn1_s1ap.dir\debug\repetitionperiod.obj
c:\users\alexey\desktop\min\vne\rbs\rbs\build-asn1\rbs_asn1_s1ap.dir\debug\srvccoperationnotpossible.obj
c:\users\alexey\desktop\min\vne\rbs\rbs\build-asn1\rbs_asn1_s1ap.dir\debug\sourcernc-totargetrnc-transparentcontainer.obj
c:\users\alexey\desktop\min\vne\rbs\rbs\build-asn1\rbs_asn1_s1ap.dir\debug\asn_set_of.obj
c:\users\alexey\desktop\min\vne\rbs\rbs\build-asn1\rbs_asn1_s1ap.dir\debug\constr_choice.obj
c:\users\alexey\desktop\min\vne\rbs\rbs\build-asn1\rbs_asn1_s1ap.dir\debug\xer_encoder.obj
c:\users\alexey\desktop\min\vne\rbs\rbs\build-asn1\debug\rbs_asn1_s1ap.pdb
c:\users\alexey\desktop\min\vne\rbs\rbs\build-asn1\cmakefiles\generate.stamp
c:\users\alexey\desktop\min\vne\rbs\rbs\build-asn1\debug\rbs_asn1_s1ap.lib
c:\users\alexey\desktop\min\vne\rbs\rbs\build-asn1\rbs_asn1_s1ap.dir\debug\rbs_asn1_s1ap.tlog\cl.1016.write.1.tlog
c:\users\alexey\desktop\min\vne\rbs\rbs\build-asn1\rbs_asn1_s1ap.dir\debug\rbs_asn1_s1ap.tlog\cl.command.1.tlog
c:\users\alexey\desktop\min\vne\rbs\rbs\build-asn1\rbs_asn1_s1ap.dir\debug\rbs_asn1_s1ap.tlog\cl.items.tlog
c:\users\alexey\desktop\min\vne\rbs\rbs\build-asn1\rbs_asn1_s1ap.dir\debug\rbs_asn1_s1ap.tlog\cl.read.1.tlog
c:\users\alexey\desktop\min\vne\rbs\rbs\build-asn1\rbs_asn1_s1ap.dir\debug\rbs_asn1_s1ap.tlog\custombuild.command.1.tlog
c:\users\alexey\desktop\min\vne\rbs\rbs\build-asn1\rbs_asn1_s1ap.dir\debug\rbs_asn1_s1ap.tlog\custombuild.read.1.tlog
c:\users\alexey\desktop\min\vne\rbs\rbs\build-asn1\rbs_asn1_s1ap.dir\debug\rbs_asn1_s1ap.tlog\custombuild.write.1.tlog
c:\users\alexey\desktop\min\vne\rbs\rbs\build-asn1\rbs_asn1_s1ap.dir\debug\rbs_asn1_s1ap.tlog\lib-link.read.1.tlog
c:\users\alexey\desktop\min\vne\rbs\rbs\build-asn1\rbs_asn1_s1ap.dir\debug\rbs_asn1_s1ap.tlog\lib-link.write.1.tlog
c:\users\alexey\desktop\min\vne\rbs\rbs\build-asn1\rbs_asn1_s1ap.dir\debug\rbs_asn1_s1ap.tlog\lib.command.1.tlog
